cerebro-job-submitter1.snc1,/dev/sda2,49G,15G,31G,33,/,SUCCESS
cerebro-job-submitter1.snc1,tmpfs,32G,24K,32G,1,/dev/shm,SUCCESS
cerebro-job-submitter1.snc1,/dev/sda1,97M,27M,65M,30,/boot,SUCCESS
cerebro-job-submitter1.snc1,/dev/sda3,1.6T,1.1T,446G,71,/var/groupon,SUCCESS
pit-prod-dropbox1.snc1,/dev/sda3,48G,8.8G,37G,20,/,SUCCESS
pit-prod-dropbox1.snc1,/dev/sda2,1.6T,638G,854G,43,/var/groupon,SUCCESS
pit-prod-dropbox1.snc1,/dev/sda1,99M,18M,76M,20,/boot,SUCCESS
pit-prod-dropbox1.snc1,tmpfs,48G,0,48G,0,/dev/shm,SUCCESS
pit-prod-etlhive1.snc1,/dev/sda3,48G,8.4G,37G,19,/,SUCCESS
pit-prod-etlhive1.snc1,/dev/sda2,854G,524G,287G,65,/var/groupon,SUCCESS
pit-prod-etlhive1.snc1,/dev/sda1,99M,18M,76M,19,/boot,SUCCESS
pit-prod-etlhive1.snc1,tmpfs,48G,0,48G,0,/dev/shm,SUCCESS
pit-prod-etljob1.snc1,/dev/sda3,48G,29G,17G,64,/,SUCCESS
pit-prod-etljob1.snc1,/dev/sda2,854G,156G,655G,20,/var/groupon,SUCCESS
pit-prod-etljob1.snc1,/dev/sda1,99M,18M,76M,19,/boot,SUCCESS
pit-prod-etljob1.snc1,tmpfs,48G,0,48G,0,/dev/shm,SUCCESS
pit-prod-megatron-master1.snc1,/dev/md1,48G,7.0G,38G,16,/,SUCCESS
pit-prod-megatron-master1.snc1,/dev/md2,1.8T,513G,1.2T,31,/var/groupon,SUCCESS
pit-prod-megatron-master1.snc1,/dev/md0,99M,18M,76M,20,/boot,SUCCESS
pit-prod-megatron-master1.snc1,tmpfs,32G,0,32G,0,/dev/shm,SUCCESS
pit-prod-megatron-master2.snc1,/dev/sda3,48G,3.7G,42G,9,/,SUCCESS
pit-prod-megatron-master2.snc1,/dev/sda2,854G,210G,600G,26,/var/groupon,SUCCESS
pit-prod-megatron-master2.snc1,/dev/sda1,99M,18M,76M,19,/boot,SUCCESS
pit-prod-megatron-master2.snc1,tmpfs,32G,0,32G,0,/dev/shm,SUCCESS
pit-prod-megatron-slave1.snc1,/dev/sda3,48G,39G,6.4G,86,/,SUCCESS
pit-prod-megatron-slave1.snc1,/dev/sda2,854G,327G,484G,41,/var/groupon,SUCCESS
pit-prod-megatron-slave1.snc1,/dev/sda1,99M,12M,82M,13,/boot,SUCCESS
pit-prod-megatron-slave1.snc1,tmpfs,32G,0,32G,0,/dev/shm,SUCCESS
pit-prod-megatron-slave2.snc1,/dev/md1,48G,39G,6.6G,86,/,SUCCESS
pit-prod-megatron-slave2.snc1,/dev/md2,1.8T,537G,1.1T,33,/var/groupon,SUCCESS
pit-prod-megatron-slave2.snc1,/dev/md0,99M,18M,76M,20,/boot,SUCCESS
pit-prod-megatron-slave2.snc1,tmpfs,32G,0,32G,0,/dev/shm,SUCCESS
gdoop-megatron-slave1.snc1,/dev/sda2,49G,20G,26G,44,/,SUCCESS
gdoop-megatron-slave1.snc1,tmpfs,48G,0,48G,0,/dev/shm,SUCCESS
gdoop-megatron-slave1.snc1,/dev/sda1,97M,27M,65M,30,/boot,SUCCESS
gdoop-megatron-slave1.snc1,/dev/sda5,865G,384G,438G,47,/var/groupon,SUCCESS
pit-prod-owagent1.snc1,/dev/md1,49G,7.7G,38G,17,/,SUCCESS
pit-prod-owagent1.snc1,tmpfs,48G,0,48G,0,/dev/shm,SUCCESS
pit-prod-owagent1.snc1,/dev/md0,97M,28M,65M,30,/boot,SUCCESS
pit-prod-owagent1.snc1,/dev/md2,1.8T,364G,1.3T,22,/var/groupon,SUCCESS
pit-prod-owagent3.snc1,/dev/sda3,48G,32G,14G,70,/,SUCCESS
pit-prod-owagent3.snc1,/dev/sda2,854G,374G,437G,47,/var/groupon,SUCCESS
pit-prod-owagent3.snc1,/dev/sda1,99M,12M,82M,13,/boot,SUCCESS
pit-prod-owagent3.snc1,tmpfs,48G,0,48G,0,/dev/shm,SUCCESS
pit-prod-owagent4.snc1,/dev/sda3,48G,24G,22G,52,/,SUCCESS
pit-prod-owagent4.snc1,/dev/sda2,854G,291G,520G,36,/var/groupon,SUCCESS
pit-prod-owagent4.snc1,/dev/sda1,99M,18M,76M,19,/boot,SUCCESS
pit-prod-owagent4.snc1,tmpfs,48G,36K,48G,1,/dev/shm,SUCCESS
pit-prod-owagent5.snc1,/dev/sda3,48G,20G,26G,43,/,SUCCESS
pit-prod-owagent5.snc1,/dev/sda2,854G,431G,380G,54,/var/groupon,SUCCESS
pit-prod-owagent5.snc1,/dev/sda1,99M,18M,76M,19,/boot,SUCCESS
pit-prod-owagent5.snc1,tmpfs,32G,12K,32G,1,/dev/shm,SUCCESS
pit-prod-owagent6.snc1,/dev/sda3,48G,26G,20G,56,/,SUCCESS
pit-prod-owagent6.snc1,/dev/sda2,1.6T,315G,1.2T,22,/var/groupon,SUCCESS
pit-prod-owagent6.snc1,/dev/sda1,99M,18M,76M,20,/boot,SUCCESS
pit-prod-owagent6.snc1,tmpfs,48G,0,48G,0,/dev/shm,SUCCESS
pit-prod-owmaster1.snc1,/dev/md1,48G,7.1G,38G,16,/,SUCCESS
pit-prod-owmaster1.snc1,/dev/md2,1.8T,925G,735G,56,/var/groupon,SUCCESS
pit-prod-owmaster1.snc1,/dev/md0,99M,18M,76M,20,/boot,SUCCESS
pit-prod-owmaster1.snc1,tmpfs,32G,0,32G,0,/dev/shm,SUCCESS
pit-prod-owmaster2.snc1,/dev/sda3,48G,8.1G,37G,18,/,SUCCESS
pit-prod-owmaster2.snc1,/dev/sda2,854G,563G,248G,70,/var/groupon,SUCCESS
pit-prod-owmaster2.snc1,/dev/sda1,99M,12M,82M,13,/boot,SUCCESS
pit-prod-owmaster2.snc1,tmpfs,48G,0,48G,0,/dev/shm,SUCCESS
pit-prod-owmaster2.snc1,10.20.71.49:/var/groupon/nfs_prod_mount_message_db,854G,431G,380G,54,/var/groupon/opswise_master/spool/oms,SUCCESS
gdoop-owagent1.snc1,/dev/sda2,49G,13G,34G,27,/,SUCCESS
gdoop-owagent1.snc1,tmpfs,48G,36K,48G,1,/dev/shm,SUCCESS
gdoop-owagent1.snc1,/dev/sda1,97M,27M,65M,30,/boot,SUCCESS
gdoop-owagent1.snc1,/dev/sda3,1.6T,154G,1.4T,11,/var/groupon,SUCCESS
gdoop-owagent2.snc1,/dev/md1,49G,14G,33G,30,/,SUCCESS
gdoop-owagent2.snc1,tmpfs,48G,12K,48G,1,/dev/shm,SUCCESS
gdoop-owagent2.snc1,/dev/md0,97M,28M,65M,30,/boot,SUCCESS
gdoop-owagent2.snc1,/dev/md2,1.8T,336G,1.4T,20,/var/groupon,SUCCESS
gdoop-owagent3.snc1,/dev/sda2,49G,13G,34G,28,/,SUCCESS
gdoop-owagent3.snc1,tmpfs,48G,36K,48G,1,/dev/shm,SUCCESS
gdoop-owagent3.snc1,/dev/sda1,97M,27M,65M,30,/boot,SUCCESS
gdoop-owagent3.snc1,/dev/sda5,865G,135G,687G,17,/var/groupon,SUCCESS
gdoop-job-submitter1-sox.snc1,/dev/sda3,2.2T,8.8G,2.1T,1,/,SUCCESS
gdoop-job-submitter1-sox.snc1,tmpfs,95G,0,95G,0,/dev/shm,SUCCESS
gdoop-job-submitter1-sox.snc1,/dev/sda1,969M,30M,889M,4,/boot,SUCCESS
gdoop-job-submitter1-sox.snc1,/dev/sdb1,2.2T,530G,1.6T,26,/var/groupon,SUCCESS
gdoop-job-submitter2-sox.snc1,/dev/sda3,2.2T,8.8G,2.1T,1,/,SUCCESS
gdoop-job-submitter2-sox.snc1,tmpfs,95G,0,95G,0,/dev/shm,SUCCESS
gdoop-job-submitter2-sox.snc1,/dev/sda1,969M,30M,889M,4,/boot,SUCCESS
gdoop-job-submitter2-sox.snc1,/dev/sdb1,2.2T,84G,2.0T,4,/var/groupon,SUCCESS
